[0.286s] DEBUG:colcon:Command line arguments: ['/usr/bin/colcon', 'build']
[0.286s] DEBUG:colcon:Parsed command line arguments: Namespace(allow_overriding=[], ament_cmake_args=None, base_paths=['.'], build_base='build', catkin_cmake_args=None, catkin_skip_building_tests=False, cmake_args=None, cmake_clean_cache=False, cmake_clean_first=False, cmake_force_configure=False, cmake_target=None, cmake_target_skip_unavailable=False, continue_on_error=False, event_handlers=None, executor='parallel', ignore_user_meta=False, install_base='install', log_base=None, log_level=None, main=<bound method BuildVerb.main of <colcon_core.verb.build.BuildVerb object at 0x7f3ef586ceb0>>, merge_install=False, metas=['./colcon.meta'], mixin=None, mixin_files=None, mixin_verb=('build',), packages_above=None, packages_above_and_dependencies=None, packages_above_depth=None, packages_end=None, packages_ignore=None, packages_ignore_regex=None, packages_select=None, packages_select_build_failed=False, packages_select_by_dep=None, packages_select_regex=None, packages_select_test_failures=False, packages_skip=None, packages_skip_build_finished=False, packages_skip_by_dep=None, packages_skip_regex=None, packages_skip_test_passed=False, packages_skip_up_to=None, packages_start=None, packages_up_to=None, packages_up_to_regex=None, parallel_workers=8, paths=None, symlink_install=False, test_result_base=None, verb_extension=<colcon_core.verb.build.BuildVerb object at 0x7f3ef586ceb0>, verb_name='build', verb_parser=<colcon_mixin.mixin.mixin_argument.MixinArgumentDecorator object at 0x7f3ef5880970>)
[0.440s] Level 1:colcon.colcon_core.package_discovery:discover_packages(colcon_meta) check parameters
[0.441s] Level 1:colcon.colcon_core.package_discovery:discover_packages(recursive) check parameters
[0.441s] Level 1:colcon.colcon_core.package_discovery:discover_packages(ignore) check parameters
[0.441s] Level 1:colcon.colcon_core.package_discovery:discover_packages(path) check parameters
[0.441s] Level 1:colcon.colcon_core.package_discovery:discover_packages(colcon_meta) discover
[0.441s] Level 1:colcon.colcon_core.package_discovery:discover_packages(recursive) discover
[0.441s] INFO:colcon.colcon_core.package_discovery:Crawling recursively for packages in '/home/tyler/lab1_ws'
[0.441s] Level 1:colcon.colcon_core.package_identification:_identify(.) by extensions ['ignore', 'ignore_ament_install']
[0.441s] Level 1:colcon.colcon_core.package_identification:_identify(.) by extension 'ignore'
[0.441s] Level 1:colcon.colcon_core.package_identification:_identify(.) by extension 'ignore_ament_install'
[0.441s] Level 1:colcon.colcon_core.package_identification:_identify(.) by extensions ['colcon_pkg']
[0.442s] Level 1:colcon.colcon_core.package_identification:_identify(.) by extension 'colcon_pkg'
[0.442s] Level 1:colcon.colcon_core.package_identification:_identify(.) by extensions ['colcon_meta']
[0.442s] Level 1:colcon.colcon_core.package_identification:_identify(.) by extension 'colcon_meta'
[0.442s] Level 1:colcon.colcon_core.package_identification:_identify(.) by extensions ['ros']
[0.442s] Level 1:colcon.colcon_core.package_identification:_identify(.) by extension 'ros'
[0.456s] Level 1:colcon.colcon_core.package_identification:_identify(.) by extensions ['cmake', 'python']
[0.456s] Level 1:colcon.colcon_core.package_identification:_identify(.) by extension 'cmake'
[0.456s] Level 1:colcon.colcon_core.package_identification:_identify(.) by extension 'python'
[0.456s] Level 1:colcon.colcon_core.package_identification:_identify(.) by extensions ['python_setup_py']
[0.456s] Level 1:colcon.colcon_core.package_identification:_identify(.) by extension 'python_setup_py'
[0.456s] Level 1:colcon.colcon_core.package_identification:_identify(build) by extensions ['ignore', 'ignore_ament_install']
[0.456s] Level 1:colcon.colcon_core.package_identification:_identify(build) by extension 'ignore'
[0.456s] Level 1:colcon.colcon_core.package_identification:_identify(build) ignored
[0.457s] Level 1:colcon.colcon_core.package_identification:_identify(install) by extensions ['ignore', 'ignore_ament_install']
[0.457s] Level 1:colcon.colcon_core.package_identification:_identify(install) by extension 'ignore'
[0.457s] Level 1:colcon.colcon_core.package_identification:_identify(install) ignored
[0.457s] Level 1:colcon.colcon_core.package_identification:_identify(log) by extensions ['ignore', 'ignore_ament_install']
[0.457s] Level 1:colcon.colcon_core.package_identification:_identify(log) by extension 'ignore'
[0.457s] Level 1:colcon.colcon_core.package_identification:_identify(log) ignored
[0.458s] Level 1:colcon.colcon_core.package_identification:_identify(src) by extensions ['ignore', 'ignore_ament_install']
[0.458s] Level 1:colcon.colcon_core.package_identification:_identify(src) by extension 'ignore'
[0.458s] Level 1:colcon.colcon_core.package_identification:_identify(src) by extension 'ignore_ament_install'
[0.458s] Level 1:colcon.colcon_core.package_identification:_identify(src) by extensions ['colcon_pkg']
[0.458s] Level 1:colcon.colcon_core.package_identification:_identify(src) by extension 'colcon_pkg'
[0.458s] Level 1:colcon.colcon_core.package_identification:_identify(src) by extensions ['colcon_meta']
[0.458s] Level 1:colcon.colcon_core.package_identification:_identify(src) by extension 'colcon_meta'
[0.458s] Level 1:colcon.colcon_core.package_identification:_identify(src) by extensions ['ros']
[0.458s] Level 1:colcon.colcon_core.package_identification:_identify(src) by extension 'ros'
[0.458s] Level 1:colcon.colcon_core.package_identification:_identify(src) by extensions ['cmake', 'python']
[0.458s] Level 1:colcon.colcon_core.package_identification:_identify(src) by extension 'cmake'
[0.458s] Level 1:colcon.colcon_core.package_identification:_identify(src) by extension 'python'
[0.459s] Level 1:colcon.colcon_core.package_identification:_identify(src) by extensions ['python_setup_py']
[0.459s] Level 1:colcon.colcon_core.package_identification:_identify(src) by extension 'python_setup_py'
[0.459s] Level 1:colcon.colcon_core.package_identification:_identify(src/cpp_py_pkg) by extensions ['ignore', 'ignore_ament_install']
[0.459s] Level 1:colcon.colcon_core.package_identification:_identify(src/cpp_py_pkg) by extension 'ignore'
[0.459s] Level 1:colcon.colcon_core.package_identification:_identify(src/cpp_py_pkg) by extension 'ignore_ament_install'
[0.459s] Level 1:colcon.colcon_core.package_identification:_identify(src/cpp_py_pkg) by extensions ['colcon_pkg']
[0.459s] Level 1:colcon.colcon_core.package_identification:_identify(src/cpp_py_pkg) by extension 'colcon_pkg'
[0.459s] Level 1:colcon.colcon_core.package_identification:_identify(src/cpp_py_pkg) by extensions ['colcon_meta']
[0.459s] Level 1:colcon.colcon_core.package_identification:_identify(src/cpp_py_pkg) by extension 'colcon_meta'
[0.459s] Level 1:colcon.colcon_core.package_identification:_identify(src/cpp_py_pkg) by extensions ['ros']
[0.459s] Level 1:colcon.colcon_core.package_identification:_identify(src/cpp_py_pkg) by extension 'ros'
[0.463s] DEBUG:colcon.colcon_core.package_identification:Package 'src/cpp_py_pkg' with type 'ros.ament_cmake' and name 'cpp_py_pkg'
[0.463s] Level 1:colcon.colcon_core.package_discovery:discover_packages(recursive) using defaults
[0.463s] Level 1:colcon.colcon_core.package_discovery:discover_packages(ignore) discover
[0.463s] Level 1:colcon.colcon_core.package_discovery:discover_packages(ignore) using defaults
[0.463s] Level 1:colcon.colcon_core.package_discovery:discover_packages(path) discover
[0.463s] Level 1:colcon.colcon_core.package_discovery:discover_packages(path) using defaults
[0.479s] Level 1:colcon.colcon_core.package_discovery:discover_packages(prefix_path) check parameters
[0.479s] Level 1:colcon.colcon_core.package_discovery:discover_packages(prefix_path) discover
[0.481s] DEBUG:colcon.colcon_installed_package_information.package_discovery:Found 1 installed packages in /home/tyler/lab1_ws/install
[0.482s] DEBUG:colcon.colcon_installed_package_information.package_discovery:Found 265 installed packages in /opt/ros/foxy
[0.483s] Level 1:colcon.colcon_core.package_discovery:discover_packages(prefix_path) using defaults
[0.575s] Level 5:colcon.colcon_core.verb:set package 'cpp_py_pkg' build argument 'cmake_args' from command line to 'None'
[0.575s] Level 5:colcon.colcon_core.verb:set package 'cpp_py_pkg' build argument 'cmake_target' from command line to 'None'
[0.575s] Level 5:colcon.colcon_core.verb:set package 'cpp_py_pkg' build argument 'cmake_target_skip_unavailable' from command line to 'False'
[0.575s] Level 5:colcon.colcon_core.verb:set package 'cpp_py_pkg' build argument 'cmake_clean_cache' from command line to 'False'
[0.575s] Level 5:colcon.colcon_core.verb:set package 'cpp_py_pkg' build argument 'cmake_clean_first' from command line to 'False'
[0.575s] Level 5:colcon.colcon_core.verb:set package 'cpp_py_pkg' build argument 'cmake_force_configure' from command line to 'False'
[0.575s] Level 5:colcon.colcon_core.verb:set package 'cpp_py_pkg' build argument 'ament_cmake_args' from command line to 'None'
[0.575s] Level 5:colcon.colcon_core.verb:set package 'cpp_py_pkg' build argument 'catkin_cmake_args' from command line to 'None'
[0.575s] Level 5:colcon.colcon_core.verb:set package 'cpp_py_pkg' build argument 'catkin_skip_building_tests' from command line to 'False'
[0.575s] DEBUG:colcon.colcon_core.verb:Building package 'cpp_py_pkg' with the following arguments: {'ament_cmake_args': None, 'build_base': '/home/tyler/lab1_ws/build/cpp_py_pkg', 'catkin_cmake_args': None, 'catkin_skip_building_tests': False, 'cmake_args': None, 'cmake_clean_cache': False, 'cmake_clean_first': False, 'cmake_force_configure': False, 'cmake_target': None, 'cmake_target_skip_unavailable': False, 'install_base': '/home/tyler/lab1_ws/install/cpp_py_pkg', 'merge_install': False, 'path': '/home/tyler/lab1_ws/src/cpp_py_pkg', 'symlink_install': False, 'test_result_base': None}
[0.575s] INFO:colcon.colcon_core.executor:Executing jobs using 'parallel' executor
[0.576s] DEBUG:colcon.colcon_parallel_executor.executor.parallel:run_until_complete
[0.576s] INFO:colcon.colcon_ros.task.ament_cmake.build:Building ROS package in '/home/tyler/lab1_ws/src/cpp_py_pkg' with build type 'ament_cmake'
[0.577s] INFO:colcon.colcon_cmake.task.cmake.build:Building CMake package in '/home/tyler/lab1_ws/src/cpp_py_pkg'
[0.579s] INFO:colcon.colcon_core.plugin_system:Skipping extension 'colcon_core.shell.bat': Not used on non-Windows systems
[0.579s] INFO:colcon.colcon_core.shell:Skip shell extension 'powershell' for command environment: Not usable outside of PowerShell
[0.579s] DEBUG:colcon.colcon_core.shell:Skip shell extension 'dsv' for command environment
[0.603s] DEBUG:colcon.colcon_core.event_handler.log_command:Invoking command in '/home/tyler/lab1_ws/build/cpp_py_pkg': CMAKE_PREFIX_PATH=${CMAKE_PREFIX_PATH}:/opt/ros/foxy /usr/bin/cmake --build /home/tyler/lab1_ws/build/cpp_py_pkg -- -j8 -l8
[6.935s] DEBUG:colcon.colcon_core.event_handler.log_command:Invoked command in '/home/tyler/lab1_ws/build/cpp_py_pkg' returned '0': CMAKE_PREFIX_PATH=${CMAKE_PREFIX_PATH}:/opt/ros/foxy /usr/bin/cmake --build /home/tyler/lab1_ws/build/cpp_py_pkg -- -j8 -l8
[6.969s] DEBUG:colcon.colcon_core.event_handler.log_command:Invoking command in '/home/tyler/lab1_ws/build/cpp_py_pkg': CMAKE_PREFIX_PATH=${CMAKE_PREFIX_PATH}:/opt/ros/foxy /usr/bin/cmake --install /home/tyler/lab1_ws/build/cpp_py_pkg
[7.022s] Level 1:colcon.colcon_core.environment:create_environment_scripts_only(cpp_py_pkg)
[7.023s] DEBUG:colcon.colcon_core.event_handler.log_command:Invoked command in '/home/tyler/lab1_ws/build/cpp_py_pkg' returned '0': CMAKE_PREFIX_PATH=${CMAKE_PREFIX_PATH}:/opt/ros/foxy /usr/bin/cmake --install /home/tyler/lab1_ws/build/cpp_py_pkg
[7.026s] Level 1:colcon.colcon_core.environment:checking '/home/tyler/lab1_ws/install/cpp_py_pkg' for CMake module files
[7.026s] Level 1:colcon.colcon_core.environment:checking '/home/tyler/lab1_ws/install/cpp_py_pkg' for CMake config files
[7.026s] Level 1:colcon.colcon_core.shell:create_environment_hook('cpp_py_pkg', 'cmake_prefix_path')
[7.027s] INFO:colcon.colcon_core.shell:Creating environment hook '/home/tyler/lab1_ws/install/cpp_py_pkg/share/cpp_py_pkg/hook/cmake_prefix_path.ps1'
[7.027s] INFO:colcon.colcon_core.shell:Creating environment descriptor '/home/tyler/lab1_ws/install/cpp_py_pkg/share/cpp_py_pkg/hook/cmake_prefix_path.dsv'
[7.028s] INFO:colcon.colcon_core.shell:Creating environment hook '/home/tyler/lab1_ws/install/cpp_py_pkg/share/cpp_py_pkg/hook/cmake_prefix_path.sh'
[7.029s] Level 1:colcon.colcon_core.environment:checking '/home/tyler/lab1_ws/install/cpp_py_pkg/lib'
[7.029s] Level 1:colcon.colcon_core.environment:checking '/home/tyler/lab1_ws/install/cpp_py_pkg/bin'
[7.029s] Level 1:colcon.colcon_core.environment:checking '/home/tyler/lab1_ws/install/cpp_py_pkg/lib/pkgconfig/cpp_py_pkg.pc'
[7.029s] Level 1:colcon.colcon_core.environment:checking '/home/tyler/lab1_ws/install/cpp_py_pkg/lib/python3.8/site-packages'
[7.029s] Level 1:colcon.colcon_core.shell:create_environment_hook('cpp_py_pkg', 'pythonpath')
[7.029s] INFO:colcon.colcon_core.shell:Creating environment hook '/home/tyler/lab1_ws/install/cpp_py_pkg/share/cpp_py_pkg/hook/pythonpath.ps1'
[7.030s] INFO:colcon.colcon_core.shell:Creating environment descriptor '/home/tyler/lab1_ws/install/cpp_py_pkg/share/cpp_py_pkg/hook/pythonpath.dsv'
[7.030s] INFO:colcon.colcon_core.shell:Creating environment hook '/home/tyler/lab1_ws/install/cpp_py_pkg/share/cpp_py_pkg/hook/pythonpath.sh'
[7.030s] Level 1:colcon.colcon_core.environment:checking '/home/tyler/lab1_ws/install/cpp_py_pkg/bin'
[7.031s] INFO:colcon.colcon_core.shell:Creating package script '/home/tyler/lab1_ws/install/cpp_py_pkg/share/cpp_py_pkg/package.ps1'
[7.031s] INFO:colcon.colcon_core.shell:Creating package descriptor '/home/tyler/lab1_ws/install/cpp_py_pkg/share/cpp_py_pkg/package.dsv'
[7.032s] INFO:colcon.colcon_core.shell:Creating package script '/home/tyler/lab1_ws/install/cpp_py_pkg/share/cpp_py_pkg/package.sh'
[7.032s] INFO:colcon.colcon_core.shell:Creating package script '/home/tyler/lab1_ws/install/cpp_py_pkg/share/cpp_py_pkg/package.bash'
[7.033s] INFO:colcon.colcon_core.shell:Creating package script '/home/tyler/lab1_ws/install/cpp_py_pkg/share/cpp_py_pkg/package.zsh'
[7.034s] Level 1:colcon.colcon_core.environment:create_file_with_runtime_dependencies(/home/tyler/lab1_ws/install/cpp_py_pkg/share/colcon-core/packages/cpp_py_pkg)
[7.055s] Level 1:colcon.colcon_core.environment:create_environment_scripts_only(cpp_py_pkg)
[7.056s] Level 1:colcon.colcon_core.environment:checking '/home/tyler/lab1_ws/install/cpp_py_pkg' for CMake module files
[7.056s] Level 1:colcon.colcon_core.environment:checking '/home/tyler/lab1_ws/install/cpp_py_pkg' for CMake config files
[7.056s] Level 1:colcon.colcon_core.shell:create_environment_hook('cpp_py_pkg', 'cmake_prefix_path')
[7.057s] INFO:colcon.colcon_core.shell:Creating environment hook '/home/tyler/lab1_ws/install/cpp_py_pkg/share/cpp_py_pkg/hook/cmake_prefix_path.ps1'
[7.057s] INFO:colcon.colcon_core.shell:Creating environment descriptor '/home/tyler/lab1_ws/install/cpp_py_pkg/share/cpp_py_pkg/hook/cmake_prefix_path.dsv'
[7.057s] INFO:colcon.colcon_core.shell:Creating environment hook '/home/tyler/lab1_ws/install/cpp_py_pkg/share/cpp_py_pkg/hook/cmake_prefix_path.sh'
[7.058s] Level 1:colcon.colcon_core.environment:checking '/home/tyler/lab1_ws/install/cpp_py_pkg/lib'
[7.058s] Level 1:colcon.colcon_core.environment:checking '/home/tyler/lab1_ws/install/cpp_py_pkg/bin'
[7.058s] Level 1:colcon.colcon_core.environment:checking '/home/tyler/lab1_ws/install/cpp_py_pkg/lib/pkgconfig/cpp_py_pkg.pc'
[7.058s] Level 1:colcon.colcon_core.environment:checking '/home/tyler/lab1_ws/install/cpp_py_pkg/lib/python3.8/site-packages'
[7.058s] Level 1:colcon.colcon_core.shell:create_environment_hook('cpp_py_pkg', 'pythonpath')
[7.059s] INFO:colcon.colcon_core.shell:Creating environment hook '/home/tyler/lab1_ws/install/cpp_py_pkg/share/cpp_py_pkg/hook/pythonpath.ps1'
[7.059s] INFO:colcon.colcon_core.shell:Creating environment descriptor '/home/tyler/lab1_ws/install/cpp_py_pkg/share/cpp_py_pkg/hook/pythonpath.dsv'
[7.059s] INFO:colcon.colcon_core.shell:Creating environment hook '/home/tyler/lab1_ws/install/cpp_py_pkg/share/cpp_py_pkg/hook/pythonpath.sh'
[7.060s] Level 1:colcon.colcon_core.environment:checking '/home/tyler/lab1_ws/install/cpp_py_pkg/bin'
[7.060s] INFO:colcon.colcon_core.shell:Creating package script '/home/tyler/lab1_ws/install/cpp_py_pkg/share/cpp_py_pkg/package.ps1'
[7.061s] INFO:colcon.colcon_core.shell:Creating package descriptor '/home/tyler/lab1_ws/install/cpp_py_pkg/share/cpp_py_pkg/package.dsv'
[7.061s] INFO:colcon.colcon_core.shell:Creating package script '/home/tyler/lab1_ws/install/cpp_py_pkg/share/cpp_py_pkg/package.sh'
[7.061s] INFO:colcon.colcon_core.shell:Creating package script '/home/tyler/lab1_ws/install/cpp_py_pkg/share/cpp_py_pkg/package.bash'
[7.062s] INFO:colcon.colcon_core.shell:Creating package script '/home/tyler/lab1_ws/install/cpp_py_pkg/share/cpp_py_pkg/package.zsh'
[7.062s] Level 1:colcon.colcon_core.environment:create_file_with_runtime_dependencies(/home/tyler/lab1_ws/install/cpp_py_pkg/share/colcon-core/packages/cpp_py_pkg)
[7.063s] DEBUG:colcon.colcon_parallel_executor.executor.parallel:closing loop
[7.063s] DEBUG:colcon.colcon_parallel_executor.executor.parallel:loop closed
[7.063s] DEBUG:colcon.colcon_parallel_executor.executor.parallel:run_until_complete finished with '0'
[7.064s] DEBUG:colcon.colcon_core.event_reactor:joining thread
[7.117s] INFO:colcon.colcon_core.plugin_system:Skipping extension 'colcon_notification.desktop_notification.notify_send': Could not find 'notify-send'
[7.117s] INFO:colcon.colcon_core.plugin_system:Skipping extension 'colcon_notification.desktop_notification.terminal_notifier': Not used on non-Darwin systems
[7.117s] INFO:colcon.colcon_core.plugin_system:Skipping extension 'colcon_notification.desktop_notification.win32': Not used on non-Windows systems
[7.118s] INFO:colcon.colcon_notification.desktop_notification:Sending desktop notification using 'notify2'
[7.118s] DEBUG:colcon.colcon_notification.desktop_notification.notify2:Failed to initialize notify2: org.freedesktop.DBus.Error.ServiceUnknown: The name org.freedesktop.Notifications was not provided by any .service files
[7.119s] DEBUG:colcon.colcon_core.event_reactor:joined thread
[7.119s] INFO:colcon.colcon_core.shell:Creating prefix script '/home/tyler/lab1_ws/install/local_setup.ps1'
[7.120s] INFO:colcon.colcon_core.shell:Creating prefix util module '/home/tyler/lab1_ws/install/_local_setup_util_ps1.py'
[7.121s] INFO:colcon.colcon_core.shell:Creating prefix chain script '/home/tyler/lab1_ws/install/setup.ps1'
[7.122s] INFO:colcon.colcon_core.shell:Creating prefix script '/home/tyler/lab1_ws/install/local_setup.sh'
[7.123s] INFO:colcon.colcon_core.shell:Creating prefix util module '/home/tyler/lab1_ws/install/_local_setup_util_sh.py'
[7.123s] INFO:colcon.colcon_core.shell:Creating prefix chain script '/home/tyler/lab1_ws/install/setup.sh'
[7.124s] INFO:colcon.colcon_core.shell:Creating prefix script '/home/tyler/lab1_ws/install/local_setup.bash'
[7.124s] INFO:colcon.colcon_core.shell:Creating prefix chain script '/home/tyler/lab1_ws/install/setup.bash'
[7.125s] INFO:colcon.colcon_core.shell:Creating prefix script '/home/tyler/lab1_ws/install/local_setup.zsh'
[7.126s] INFO:colcon.colcon_core.shell:Creating prefix chain script '/home/tyler/lab1_ws/install/setup.zsh'
