[0.031s] Invoking command in '/home/tyler/lab1_ws/build/cpp_py_pkg': CMAKE_PREFIX_PATH=/opt/ros/foxy /usr/bin/cmake --build /home/tyler/lab1_ws/build/cpp_py_pkg -- -j8 -l8
[0.069s] -- Found ament_cmake: 0.9.12 (/opt/ros/foxy/share/ament_cmake/cmake)
[0.103s] -- Using PYTHON_EXECUTABLE: /usr/bin/python3
[0.310s] -- Found rclcpp: 2.4.3 (/opt/ros/foxy/share/rclcpp/cmake)
[0.601s] -- Using all available rosidl_typesupport_c: rosidl_typesupport_fastrtps_c;rosidl_typesupport_introspection_c
[0.605s] -- Found rosidl_adapter: 1.3.1 (/opt/ros/foxy/share/rosidl_adapter/cmake)
[5.475s] -- Using all available rosidl_typesupport_cpp: rosidl_typesupport_fastrtps_cpp;rosidl_typesupport_introspection_cpp
[5.553s] -- Found rmw_implementation_cmake: 1.0.4 (/opt/ros/foxy/share/rmw_implementation_cmake/cmake)
[5.555s] -- Using RMW implementation 'rmw_fastrtps_cpp' as default
[5.695s] -- Found rclpy: 1.0.13 (/opt/ros/foxy/share/rclpy/cmake)
[5.696s] -- Found ackermann_msgs: 2.0.2 (/opt/ros/foxy/share/ackermann_msgs/cmake)
[5.728s] -- Found ament_lint_auto: 0.9.8 (/opt/ros/foxy/share/ament_lint_auto/cmake)
[5.786s] -- Added test 'copyright' to check source files copyright and LICENSE
[5.788s] -- Added test 'cppcheck' to perform static code analysis on C / C++ code
[5.788s] -- Configured cppcheck include dirs: /home/tyler/lab1_ws/src/cpp_py_pkg/include
[5.788s] -- Configured cppcheck exclude dirs and/or files: 
[5.789s] -- Added test 'cpplint' to check C / C++ code against the Google style
[5.789s] -- Configured cpplint exclude dirs and/or files: 
[5.789s] -- Added test 'flake8' to check Python code syntax and style conventions
[5.790s] -- Added test 'lint_cmake' to check CMake code style
[5.790s] -- Added test 'pep257' to check Python code against some of the style conventions in PEP 257
[5.791s] -- Added test 'uncrustify' to check C / C++ code style
[5.791s] -- Configured uncrustify additional arguments: 
[5.791s] -- Added test 'xmllint' to check XML markup files
[5.794s] -- Configuring done
[5.796s] -- Generating done
[5.798s] -- Build files have been written to: /home/tyler/lab1_ws/build/cpp_py_pkg
[5.821s] Invoked command in '/home/tyler/lab1_ws/build/cpp_py_pkg' returned '0': CMAKE_PREFIX_PATH=/opt/ros/foxy /usr/bin/cmake --build /home/tyler/lab1_ws/build/cpp_py_pkg -- -j8 -l8
[5.856s] Invoking command in '/home/tyler/lab1_ws/build/cpp_py_pkg': CMAKE_PREFIX_PATH=/opt/ros/foxy /usr/bin/cmake --install /home/tyler/lab1_ws/build/cpp_py_pkg
[5.863s] -- Install configuration: ""
[5.863s] -- Up-to-date: /home/tyler/lab1_ws/install/cpp_py_pkg/share/ament_index/resource_index/package_run_dependencies/cpp_py_pkg
[5.863s] -- Up-to-date: /home/tyler/lab1_ws/install/cpp_py_pkg/share/ament_index/resource_index/parent_prefix_path/cpp_py_pkg
[5.863s] -- Up-to-date: /home/tyler/lab1_ws/install/cpp_py_pkg/share/cpp_py_pkg/environment/ament_prefix_path.sh
[5.864s] -- Installing: /home/tyler/lab1_ws/install/cpp_py_pkg/share/cpp_py_pkg/environment/ament_prefix_path.dsv
[5.864s] -- Up-to-date: /home/tyler/lab1_ws/install/cpp_py_pkg/share/cpp_py_pkg/environment/path.sh
[5.864s] -- Installing: /home/tyler/lab1_ws/install/cpp_py_pkg/share/cpp_py_pkg/environment/path.dsv
[5.864s] -- Up-to-date: /home/tyler/lab1_ws/install/cpp_py_pkg/share/cpp_py_pkg/local_setup.bash
[5.864s] -- Up-to-date: /home/tyler/lab1_ws/install/cpp_py_pkg/share/cpp_py_pkg/local_setup.sh
[5.865s] -- Up-to-date: /home/tyler/lab1_ws/install/cpp_py_pkg/share/cpp_py_pkg/local_setup.zsh
[5.865s] -- Installing: /home/tyler/lab1_ws/install/cpp_py_pkg/share/cpp_py_pkg/local_setup.dsv
[5.865s] -- Installing: /home/tyler/lab1_ws/install/cpp_py_pkg/share/cpp_py_pkg/package.dsv
[5.865s] -- Up-to-date: /home/tyler/lab1_ws/install/cpp_py_pkg/share/ament_index/resource_index/packages/cpp_py_pkg
[5.865s] -- Up-to-date: /home/tyler/lab1_ws/install/cpp_py_pkg/share/cpp_py_pkg/cmake/cpp_py_pkgConfig.cmake
[5.865s] -- Up-to-date: /home/tyler/lab1_ws/install/cpp_py_pkg/share/cpp_py_pkg/cmake/cpp_py_pkgConfig-version.cmake
[5.865s] -- Up-to-date: /home/tyler/lab1_ws/install/cpp_py_pkg/share/cpp_py_pkg/package.xml
[5.868s] Invoked command in '/home/tyler/lab1_ws/build/cpp_py_pkg' returned '0': CMAKE_PREFIX_PATH=/opt/ros/foxy /usr/bin/cmake --install /home/tyler/lab1_ws/build/cpp_py_pkg
