[0.017s] Invoking command in '/home/tyler/lab1_ws/build/cpp_py_pkg': CMAKE_PREFIX_PATH=/opt/ros/foxy /usr/bin/cmake --build /home/tyler/lab1_ws/build/cpp_py_pkg -- -j8 -l8
[0.059s] Invoked command in '/home/tyler/lab1_ws/build/cpp_py_pkg' returned '0': CMAKE_PREFIX_PATH=/opt/ros/foxy /usr/bin/cmake --build /home/tyler/lab1_ws/build/cpp_py_pkg -- -j8 -l8
[0.094s] Invoking command in '/home/tyler/lab1_ws/build/cpp_py_pkg': CMAKE_PREFIX_PATH=/opt/ros/foxy /usr/bin/cmake --install /home/tyler/lab1_ws/build/cpp_py_pkg
[0.100s] -- Install configuration: ""
[0.101s] -- Up-to-date: /home/tyler/lab1_ws/install/cpp_py_pkg/share/ament_index/resource_index/package_run_dependencies/cpp_py_pkg
[0.101s] -- Up-to-date: /home/tyler/lab1_ws/install/cpp_py_pkg/share/ament_index/resource_index/parent_prefix_path/cpp_py_pkg
[0.101s] -- Up-to-date: /home/tyler/lab1_ws/install/cpp_py_pkg/share/cpp_py_pkg/environment/ament_prefix_path.sh
[0.101s] -- Up-to-date: /home/tyler/lab1_ws/install/cpp_py_pkg/share/cpp_py_pkg/environment/ament_prefix_path.dsv
[0.101s] -- Up-to-date: /home/tyler/lab1_ws/install/cpp_py_pkg/share/cpp_py_pkg/environment/path.sh
[0.101s] -- Up-to-date: /home/tyler/lab1_ws/install/cpp_py_pkg/share/cpp_py_pkg/environment/path.dsv
[0.102s] -- Up-to-date: /home/tyler/lab1_ws/install/cpp_py_pkg/share/cpp_py_pkg/local_setup.bash
[0.102s] -- Up-to-date: /home/tyler/lab1_ws/install/cpp_py_pkg/share/cpp_py_pkg/local_setup.sh
[0.102s] -- Up-to-date: /home/tyler/lab1_ws/install/cpp_py_pkg/share/cpp_py_pkg/local_setup.zsh
[0.102s] -- Up-to-date: /home/tyler/lab1_ws/install/cpp_py_pkg/share/cpp_py_pkg/local_setup.dsv
[0.102s] -- Up-to-date: /home/tyler/lab1_ws/install/cpp_py_pkg/share/cpp_py_pkg/package.dsv
[0.102s] -- Up-to-date: /home/tyler/lab1_ws/install/cpp_py_pkg/share/ament_index/resource_index/packages/cpp_py_pkg
[0.102s] -- Up-to-date: /home/tyler/lab1_ws/install/cpp_py_pkg/share/cpp_py_pkg/cmake/cpp_py_pkgConfig.cmake
[0.102s] -- Up-to-date: /home/tyler/lab1_ws/install/cpp_py_pkg/share/cpp_py_pkg/cmake/cpp_py_pkgConfig-version.cmake
[0.102s] -- Up-to-date: /home/tyler/lab1_ws/install/cpp_py_pkg/share/cpp_py_pkg/package.xml
[0.104s] Invoked command in '/home/tyler/lab1_ws/build/cpp_py_pkg' returned '0': CMAKE_PREFIX_PATH=/opt/ros/foxy /usr/bin/cmake --install /home/tyler/lab1_ws/build/cpp_py_pkg
