[0.016s] Invoking command in '/home/tyler/lab1_ws/build/cpp_py_pkg': CMAKE_PREFIX_PATH=${CMAKE_PREFIX_PATH}:/home/tyler/install/f1tenth_gym_ros:/opt/ros/foxy /usr/bin/cmake --build /home/tyler/lab1_ws/build/cpp_py_pkg -- -j8 -l8
[0.059s] Invoked command in '/home/tyler/lab1_ws/build/cpp_py_pkg' returned '0': CMAKE_PREFIX_PATH=${CMAKE_PREFIX_PATH}:/home/tyler/install/f1tenth_gym_ros:/opt/ros/foxy /usr/bin/cmake --build /home/tyler/lab1_ws/build/cpp_py_pkg -- -j8 -l8
[0.097s] Invoking command in '/home/tyler/lab1_ws/build/cpp_py_pkg': CMAKE_PREFIX_PATH=${CMAKE_PREFIX_PATH}:/home/tyler/install/f1tenth_gym_ros:/opt/ros/foxy /usr/bin/cmake --install /home/tyler/lab1_ws/build/cpp_py_pkg
[0.104s] -- Install configuration: ""
[0.104s] -- Up-to-date: /home/tyler/lab1_ws/install/cpp_py_pkg/share/cpp_py_pkg/environment/pythonpath.sh
[0.104s] -- Up-to-date: /home/tyler/lab1_ws/install/cpp_py_pkg/share/cpp_py_pkg/environment/pythonpath.dsv
[0.105s] -- Up-to-date: /home/tyler/lab1_ws/install/cpp_py_pkg/lib/python3.8/site-packages/cpp_py_pkg
[0.105s] -- Up-to-date: /home/tyler/lab1_ws/install/cpp_py_pkg/lib/python3.8/site-packages/cpp_py_pkg/module_to_import.py
[0.105s] -- Up-to-date: /home/tyler/lab1_ws/install/cpp_py_pkg/lib/python3.8/site-packages/cpp_py_pkg/__init__.py
[0.136s] Listing '/home/tyler/lab1_ws/install/cpp_py_pkg/lib/python3.8/site-packages/cpp_py_pkg'...
[0.139s] -- Up-to-date: /home/tyler/lab1_ws/install/cpp_py_pkg/lib/cpp_py_pkg/talker.py
[0.140s] -- Up-to-date: /home/tyler/lab1_ws/install/cpp_py_pkg/lib/cpp_py_pkg/relay.py
[0.140s] -- Up-to-date: /home/tyler/lab1_ws/install/cpp_py_pkg/share/cpp_py_pkg/
[0.141s] -- Up-to-date: /home/tyler/lab1_ws/install/cpp_py_pkg/share/cpp_py_pkg//lab1_launch.py
[0.141s] -- Up-to-date: /home/tyler/lab1_ws/install/cpp_py_pkg/share/ament_index/resource_index/package_run_dependencies/cpp_py_pkg
[0.141s] -- Up-to-date: /home/tyler/lab1_ws/install/cpp_py_pkg/share/ament_index/resource_index/parent_prefix_path/cpp_py_pkg
[0.141s] -- Up-to-date: /home/tyler/lab1_ws/install/cpp_py_pkg/share/cpp_py_pkg/environment/ament_prefix_path.sh
[0.141s] -- Up-to-date: /home/tyler/lab1_ws/install/cpp_py_pkg/share/cpp_py_pkg/environment/ament_prefix_path.dsv
[0.142s] -- Up-to-date: /home/tyler/lab1_ws/install/cpp_py_pkg/share/cpp_py_pkg/environment/path.sh
[0.142s] -- Up-to-date: /home/tyler/lab1_ws/install/cpp_py_pkg/share/cpp_py_pkg/environment/path.dsv
[0.142s] -- Up-to-date: /home/tyler/lab1_ws/install/cpp_py_pkg/share/cpp_py_pkg/local_setup.bash
[0.142s] -- Up-to-date: /home/tyler/lab1_ws/install/cpp_py_pkg/share/cpp_py_pkg/local_setup.sh
[0.142s] -- Up-to-date: /home/tyler/lab1_ws/install/cpp_py_pkg/share/cpp_py_pkg/local_setup.zsh
[0.142s] -- Up-to-date: /home/tyler/lab1_ws/install/cpp_py_pkg/share/cpp_py_pkg/local_setup.dsv
[0.142s] -- Installing: /home/tyler/lab1_ws/install/cpp_py_pkg/share/cpp_py_pkg/package.dsv
[0.142s] -- Up-to-date: /home/tyler/lab1_ws/install/cpp_py_pkg/share/ament_index/resource_index/packages/cpp_py_pkg
[0.142s] -- Up-to-date: /home/tyler/lab1_ws/install/cpp_py_pkg/share/cpp_py_pkg/cmake/cpp_py_pkgConfig.cmake
[0.142s] -- Up-to-date: /home/tyler/lab1_ws/install/cpp_py_pkg/share/cpp_py_pkg/cmake/cpp_py_pkgConfig-version.cmake
[0.142s] -- Up-to-date: /home/tyler/lab1_ws/install/cpp_py_pkg/share/cpp_py_pkg/package.xml
[0.144s] Invoked command in '/home/tyler/lab1_ws/build/cpp_py_pkg' returned '0': CMAKE_PREFIX_PATH=${CMAKE_PREFIX_PATH}:/home/tyler/install/f1tenth_gym_ros:/opt/ros/foxy /usr/bin/cmake --install /home/tyler/lab1_ws/build/cpp_py_pkg
